This file contains any messages produced by compilers while
running configure, to aid debugging if configure makes a mistake.

It was created by libssh2 configure -, which was
generated by GNU Autoconf 2.69.  Invocation command line was

  $ /home/windhill/Desktop/Remote_Recoder/Third_Dyn_Lib/libssh2-1.9.0/configure CC=arm-linux-gnueabihf-8.3-gcc CXX=arm-linux-gnueabihf-8.3-g++ --host=arm-linux-gnueabihf --prefix=/home/windhill/Desktop/Remote_Recoder/Third_Dyn_Lib/libssh2-1.9.0/arm_gcc83_build --with-libssl-prefix=/opt/gcc-arm-8.3-2019.03-x86_64-arm-linux-gnueabihf/arm-linux-gnueabihf/libc/usr/lib --with-libz-prefix=/opt/gcc-arm-8.3-2019.03-x86_64-arm-linux-gnueabihf/arm-linux-gnueabihf/libc/usr/lib

## --------- ##
## Platform. ##
## --------- ##

hostname = windhill-ros2
uname -m = x86_64
uname -r = 5.11.0-41-generic
uname -s = Linux
uname -v = #45~20.04.1-Ubuntu SMP Wed Nov 10 10:20:10 UTC 2021

/usr/bin/uname -p = x86_64
/bin/uname -X     = unknown

/bin/arch              = x86_64
/usr/bin/arch -k       = unknown
/usr/convex/getsysinfo = unknown
/usr/bin/hostinfo      = unknown
/bin/machine           = unknown
/usr/bin/oslevel       = unknown
/bin/universe          = unknown

PATH: /usr/local/sbin
PATH: /usr/local/bin
PATH: /usr/sbin
PATH: /usr/bin
PATH: /sbin
PATH: /bin
PATH: /usr/games
PATH: /usr/local/games
PATH: /snap/bin
PATH: /opt/gcc-linaro-5.3-2016.02-x86_64_arm-linux-gnueabihf/bin
PATH: /opt/gcc-arm-8.3-2019.03-x86_64-arm-linux-gnueabihf/bin


## ----------- ##
## Core tests. ##
## ----------- ##

configure:2427: checking whether to enable maintainer-specific portions of Makefiles
configure:2436: result: no
configure:2460: checking whether make supports nested variables
configure:2477: result: yes
configure:2491: checking for sed
configure:2510: found /usr/bin/sed
configure:2523: result: /usr/bin/sed
configure:2584: checking for a BSD-compatible install
configure:2652: result: /usr/bin/install -c
configure:2663: checking whether build environment is sane
configure:2718: result: yes
configure:2775: checking for arm-linux-gnueabihf-strip
configure:2791: found /opt/gcc-linaro-5.3-2016.02-x86_64_arm-linux-gnueabihf/bin/arm-linux-gnueabihf-strip
configure:2802: result: arm-linux-gnueabihf-strip
configure:2867: checking for a thread-safe mkdir -p
configure:2906: result: /usr/bin/mkdir -p
configure:2913: checking for gawk
configure:2929: found /usr/bin/gawk
configure:2940: result: gawk
configure:2951: checking whether make sets $(MAKE)
configure:2973: result: yes
configure:3106: checking libssh2 version
configure:3108: result: 1.9.0
configure:3119: checking build system type
configure:3133: result: x86_64-pc-linux-gnu
configure:3153: checking host system type
configure:3166: result: arm-unknown-linux-gnueabihf
configure:3193: autobuild project... libssh2
configure:3199: autobuild revision... 1.9.0
configure:3204: autobuild hostname... windhill-ros2
configure:3215: autobuild timestamp... 20211208-172957
configure:3248: checking whether make supports the include directive
configure:3263: make -f confmf.GNU && cat confinc.out
this is the am__doit target
configure:3266: $? = 0
configure:3285: result: yes (GNU style)
configure:3315: checking for arm-linux-gnueabihf-gcc
configure:3342: result: arm-linux-gnueabihf-8.3-gcc
configure:3611: checking for C compiler version
configure:3620: arm-linux-gnueabihf-8.3-gcc --version >&5
arm-linux-gnueabihf-8.3-gcc (GNU Toolchain for the A-profile Architecture 8.3-2019.03 (arm-rel-8.36)) 8.3.0
Copyright (C) 2018 Free Software Foundation, Inc.
This is free software; see the source for copying conditions.  There is NO
warranty; not even for MERCHANTABILITY or FITNESS FOR A PARTICULAR PURPOSE.

configure:3631: $? = 0
configure:3620: arm-linux-gnueabihf-8.3-gcc -v >&5
Using built-in specs.
COLLECT_GCC=arm-linux-gnueabihf-8.3-gcc
COLLECT_LTO_WRAPPER=/opt/gcc-arm-8.3-2019.03-x86_64-arm-linux-gnueabihf/bin/../libexec/gcc/arm-linux-gnueabihf/8.3.0/lto-wrapper
Target: arm-linux-gnueabihf
Configured with: /tmp/dgboter/bbs/rhev-vm8--rhe6x86_64/buildbot/rhe6x86_64--arm-linux-gnueabihf/build/src/gcc/configure --target=arm-linux-gnueabihf --prefix= --with-sysroot=/arm-linux-gnueabihf/libc --with-build-sysroot=/tmp/dgboter/bbs/rhev-vm8--rhe6x86_64/buildbot/rhe6x86_64--arm-linux-gnueabihf/build/build-arm-linux-gnueabihf/install//arm-linux-gnueabihf/libc --with-bugurl=https://bugs.linaro.org/ --enable-gnu-indirect-function --enable-shared --disable-libssp --disable-libmudflap --enable-checking=release --enable-languages=c,c++,fortran --with-gmp=/tmp/dgboter/bbs/rhev-vm8--rhe6x86_64/buildbot/rhe6x86_64--arm-linux-gnueabihf/build/build-arm-linux-gnueabihf/host-tools --with-mpfr=/tmp/dgboter/bbs/rhev-vm8--rhe6x86_64/buildbot/rhe6x86_64--arm-linux-gnueabihf/build/build-arm-linux-gnueabihf/host-tools --with-mpc=/tmp/dgboter/bbs/rhev-vm8--rhe6x86_64/buildbot/rhe6x86_64--arm-linux-gnueabihf/build/build-arm-linux-gnueabihf/host-tools --with-isl=/tmp/dgboter/bbs/rhev-vm8--rhe6x86_64/buildbot/rhe6x86_64--arm-linux-gnueabihf/build/build-arm-linux-gnueabihf/host-tools --with-arch=armv7-a --with-fpu=neon --with-float=hard --with-arch=armv7-a --with-pkgversion='GNU Toolchain for the A-profile Architecture 8.3-2019.03 (arm-rel-8.36)'
Thread model: posix
gcc version 8.3.0 (GNU Toolchain for the A-profile Architecture 8.3-2019.03 (arm-rel-8.36)) 
configure:3631: $? = 0
configure:3620: arm-linux-gnueabihf-8.3-gcc -V >&5
arm-linux-gnueabihf-8.3-gcc: error: unrecognized command line option '-V'
arm-linux-gnueabihf-8.3-gcc: fatal error: no input files
compilation terminated.
configure:3631: $? = 1
configure:3620: arm-linux-gnueabihf-8.3-gcc -qversion >&5
arm-linux-gnueabihf-8.3-gcc: error: unrecognized command line option '-qversion'; did you mean '--version'?
arm-linux-gnueabihf-8.3-gcc: fatal error: no input files
compilation terminated.
configure:3631: $? = 1
configure:3651: checking whether the C compiler works
configure:3673: arm-linux-gnueabihf-8.3-gcc    conftest.c  >&5
configure:3677: $? = 0
configure:3725: result: yes
configure:3728: checking for C compiler default output file name
configure:3730: result: a.out
configure:3736: checking for suffix of executables
configure:3743: arm-linux-gnueabihf-8.3-gcc -o conftest    conftest.c  >&5
configure:3747: $? = 0
configure:3769: result: 
configure:3791: checking whether we are cross compiling
configure:3799: arm-linux-gnueabihf-8.3-gcc -o conftest    conftest.c  >&5
configure:3803: $? = 0
configure:3810: ./conftest
/home/windhill/Desktop/Remote_Recoder/Third_Dyn_Lib/libssh2-1.9.0/configure: line 3812: ./conftest: cannot execute binary file: Exec format error
configure:3814: $? = 126
configure:3802: result: yes
configure:3807: checking for suffix of object files
configure:3829: arm-linux-gnueabihf-8.3-gcc -c   conftest.c >&5
configure:3833: $? = 0
configure:3854: result: o
configure:3858: checking whether we are using the GNU C compiler
configure:3877: arm-linux-gnueabihf-8.3-gcc -c   conftest.c >&5
configure:3877: $? = 0
configure:3886: result: yes
configure:3895: checking whether arm-linux-gnueabihf-8.3-gcc accepts -g
configure:3915: arm-linux-gnueabihf-8.3-gcc -c -g  conftest.c >&5
configure:3915: $? = 0
configure:3956: result: yes
configure:3973: checking for arm-linux-gnueabihf-8.3-gcc option to accept ISO C89
configure:4036: arm-linux-gnueabihf-8.3-gcc  -c -g -O2  conftest.c >&5
configure:4036: $? = 0
configure:4049: result: none needed
configure:4074: checking whether arm-linux-gnueabihf-8.3-gcc understands -c and -o together
configure:4096: arm-linux-gnueabihf-8.3-gcc -c conftest.c -o conftest2.o
configure:4099: $? = 0
configure:4096: arm-linux-gnueabihf-8.3-gcc -c conftest.c -o conftest2.o
configure:4099: $? = 0
configure:4111: result: yes
configure:4130: checking dependency style of arm-linux-gnueabihf-8.3-gcc
configure:4241: result: gcc3
configure:4262: checking how to run the C preprocessor
configure:4293: arm-linux-gnueabihf-8.3-gcc -E  conftest.c
configure:4293: $? = 0
configure:4307: arm-linux-gnueabihf-8.3-gcc -E  conftest.c
conftest.c:11:10: fatal error: ac_nonexistent.h: No such file or directory
 #include <ac_nonexistent.h>
          ^~~~~~~~~~~~~~~~~~
compilation terminated.
configure:4307: $? = 1
configure: failed program was:
| /* confdefs.h */
| #define PACKAGE_NAME "libssh2"
| #define PACKAGE_TARNAME "libssh2"
| #define PACKAGE_VERSION "-"
| #define PACKAGE_STRING "libssh2 -"
| #define PACKAGE_BUGREPORT "libssh2-devel@cool.haxx.se"
| #define PACKAGE_URL ""
| #define PACKAGE "libssh2"
| #define VERSION "-"
| /* end confdefs.h.  */
| #include <ac_nonexistent.h>
configure:4332: result: arm-linux-gnueabihf-8.3-gcc -E
configure:4352: arm-linux-gnueabihf-8.3-gcc -E  conftest.c
configure:4352: $? = 0
configure:4366: arm-linux-gnueabihf-8.3-gcc -E  conftest.c
conftest.c:11:10: fatal error: ac_nonexistent.h: No such file or directory
 #include <ac_nonexistent.h>
          ^~~~~~~~~~~~~~~~~~
compilation terminated.
configure:4366: $? = 1
configure: failed program was:
| /* confdefs.h */
| #define PACKAGE_NAME "libssh2"
| #define PACKAGE_TARNAME "libssh2"
| #define PACKAGE_VERSION "-"
| #define PACKAGE_STRING "libssh2 -"
| #define PACKAGE_BUGREPORT "libssh2-devel@cool.haxx.se"
| #define PACKAGE_URL ""
| #define PACKAGE "libssh2"
| #define VERSION "-"
| /* end confdefs.h.  */
| #include <ac_nonexistent.h>
configure:4395: checking for grep that handles long lines and -e
configure:4453: result: /usr/bin/grep
configure:4458: checking for egrep
configure:4520: result: /usr/bin/grep -E
configure:4525: checking for ANSI C header files
configure:4545: arm-linux-gnueabihf-8.3-gcc -c -g -O2  conftest.c >&5
configure:4545: $? = 0
configure:4629: result: yes
configure:4642: checking for sys/types.h
configure:4642: arm-linux-gnueabihf-8.3-gcc -c -g -O2  conftest.c >&5
configure:4642: $? = 0
configure:4642: result: yes
configure:4642: checking for sys/stat.h
configure:4642: arm-linux-gnueabihf-8.3-gcc -c -g -O2  conftest.c >&5
configure:4642: $? = 0
configure:4642: result: yes
configure:4642: checking for stdlib.h
configure:4642: arm-linux-gnueabihf-8.3-gcc -c -g -O2  conftest.c >&5
configure:4642: $? = 0
configure:4642: result: yes
configure:4642: checking for string.h
configure:4642: arm-linux-gnueabihf-8.3-gcc -c -g -O2  conftest.c >&5
configure:4642: $? = 0
configure:4642: result: yes
configure:4642: checking for memory.h
configure:4642: arm-linux-gnueabihf-8.3-gcc -c -g -O2  conftest.c >&5
configure:4642: $? = 0
configure:4642: result: yes
configure:4642: checking for strings.h
configure:4642: arm-linux-gnueabihf-8.3-gcc -c -g -O2  conftest.c >&5
configure:4642: $? = 0
configure:4642: result: yes
configure:4642: checking for inttypes.h
configure:4642: arm-linux-gnueabihf-8.3-gcc -c -g -O2  conftest.c >&5
configure:4642: $? = 0
configure:4642: result: yes
configure:4642: checking for stdint.h
configure:4642: arm-linux-gnueabihf-8.3-gcc -c -g -O2  conftest.c >&5
configure:4642: $? = 0
configure:4642: result: yes
configure:4642: checking for unistd.h
configure:4642: arm-linux-gnueabihf-8.3-gcc -c -g -O2  conftest.c >&5
configure:4642: $? = 0
configure:4642: result: yes
configure:4654: checking for long long
configure:4654: arm-linux-gnueabihf-8.3-gcc -c -g -O2  conftest.c >&5
configure:4654: $? = 0
configure:4654: arm-linux-gnueabihf-8.3-gcc -c -g -O2  conftest.c >&5
conftest.c: In function 'main':
conftest.c:57:24: error: expected expression before ')' token
 if (sizeof ((long long)))
                        ^
configure:4654: $? = 1
configure: failed program was:
| /* confdefs.h */
| #define PACKAGE_NAME "libssh2"
| #define PACKAGE_TARNAME "libssh2"
| #define PACKAGE_VERSION "-"
| #define PACKAGE_STRING "libssh2 -"
| #define PACKAGE_BUGREPORT "libssh2-devel@cool.haxx.se"
| #define PACKAGE_URL ""
| #define PACKAGE "libssh2"
| #define VERSION "-"
| #define STDC_HEADERS 1
| #define HAVE_SYS_TYPES_H 1
| #define HAVE_SYS_STAT_H 1
| #define HAVE_STDLIB_H 1
| #define HAVE_STRING_H 1
| #define HAVE_MEMORY_H 1
| #define HAVE_STRINGS_H 1
| #define HAVE_INTTYPES_H 1
| #define HAVE_STDINT_H 1
| #define HAVE_UNISTD_H 1
| /* end confdefs.h.  */
| #include <stdio.h>
| #ifdef HAVE_SYS_TYPES_H
| # include <sys/types.h>
| #endif
| #ifdef HAVE_SYS_STAT_H
| # include <sys/stat.h>
| #endif
| #ifdef STDC_HEADERS
| # include <stdlib.h>
| # include <stddef.h>
| #else
| # ifdef HAVE_STDLIB_H
| #  include <stdlib.h>
| # endif
| #endif
| #ifdef HAVE_STRING_H
| # if !defined STDC_HEADERS && defined HAVE_MEMORY_H
| #  include <memory.h>
| # endif
| # include <string.h>
| #endif
| #ifdef HAVE_STRINGS_H
| # include <strings.h>
| #endif
| #ifdef HAVE_INTTYPES_H
| # include <inttypes.h>
| #endif
| #ifdef HAVE_STDINT_H
| # include <stdint.h>
| #endif
| #ifdef HAVE_UNISTD_H
| # include <unistd.h>
| #endif
| int
| main ()
| {
| if (sizeof ((long long)))
| 	    return 0;
|   ;
|   return 0;
| }
configure:4654: result: yes
configure:4666: checking if _REENTRANT is already defined
configure:4688: arm-linux-gnueabihf-8.3-gcc -c -g -O2  conftest.c >&5
conftest.c: In function 'main':
conftest.c:32:7: error: unknown type name 'force'
       force compilation error
       ^~~~~
conftest.c:32:25: error: expected '=', ',', ';', 'asm' or '__attribute__' before 'error'
       force compilation error
                         ^~~~~
configure:4688: $? = 1
configure: failed program was:
| /* confdefs.h */
| #define PACKAGE_NAME "libssh2"
| #define PACKAGE_TARNAME "libssh2"
| #define PACKAGE_VERSION "-"
| #define PACKAGE_STRING "libssh2 -"
| #define PACKAGE_BUGREPORT "libssh2-devel@cool.haxx.se"
| #define PACKAGE_URL ""
| #define PACKAGE "libssh2"
| #define VERSION "-"
| #define STDC_HEADERS 1
| #define HAVE_SYS_TYPES_H 1
| #define HAVE_SYS_STAT_H 1
| #define HAVE_STDLIB_H 1
| #define HAVE_STRING_H 1
| #define HAVE_MEMORY_H 1
| #define HAVE_STRINGS_H 1
| #define HAVE_INTTYPES_H 1
| #define HAVE_STDINT_H 1
| #define HAVE_UNISTD_H 1
| #define HAVE_LONGLONG 1
| /* end confdefs.h.  */
| 
| 
| 
| int
| main ()
| {
| 
| #ifdef _REENTRANT
|       int dummy=1;
| #else
|       force compilation error
| #endif
| 
|   ;
|   return 0;
| }
| 
configure:4696: result: no
configure:4704: checking if _REENTRANT is actually needed
configure:4721: result: no
configure:4726: checking if _REENTRANT is onwards defined
configure:4743: result: no
configure:4750: checking for library containing socket
configure:4781: arm-linux-gnueabihf-8.3-gcc -o conftest -g -O2   conftest.c  >&5
configure:4781: $? = 0
configure:4798: result: none required
configure:4808: checking for library containing inet_addr
configure:4839: arm-linux-gnueabihf-8.3-gcc -o conftest -g -O2   conftest.c  >&5
configure:4839: $? = 0
configure:4856: result: none required
configure:4875: checking for arm-linux-gnueabihf-gcc
configure:4902: result: arm-linux-gnueabihf-8.3-gcc
configure:5171: checking for C compiler version
configure:5180: arm-linux-gnueabihf-8.3-gcc --version >&5
arm-linux-gnueabihf-8.3-gcc (GNU Toolchain for the A-profile Architecture 8.3-2019.03 (arm-rel-8.36)) 8.3.0
Copyright (C) 2018 Free Software Foundation, Inc.
This is free software; see the source for copying conditions.  There is NO
warranty; not even for MERCHANTABILITY or FITNESS FOR A PARTICULAR PURPOSE.

configure:5191: $? = 0
configure:5180: arm-linux-gnueabihf-8.3-gcc -v >&5
Using built-in specs.
COLLECT_GCC=arm-linux-gnueabihf-8.3-gcc
COLLECT_LTO_WRAPPER=/opt/gcc-arm-8.3-2019.03-x86_64-arm-linux-gnueabihf/bin/../libexec/gcc/arm-linux-gnueabihf/8.3.0/lto-wrapper
Target: arm-linux-gnueabihf
Configured with: /tmp/dgboter/bbs/rhev-vm8--rhe6x86_64/buildbot/rhe6x86_64--arm-linux-gnueabihf/build/src/gcc/configure --target=arm-linux-gnueabihf --prefix= --with-sysroot=/arm-linux-gnueabihf/libc --with-build-sysroot=/tmp/dgboter/bbs/rhev-vm8--rhe6x86_64/buildbot/rhe6x86_64--arm-linux-gnueabihf/build/build-arm-linux-gnueabihf/install//arm-linux-gnueabihf/libc --with-bugurl=https://bugs.linaro.org/ --enable-gnu-indirect-function --enable-shared --disable-libssp --disable-libmudflap --enable-checking=release --enable-languages=c,c++,fortran --with-gmp=/tmp/dgboter/bbs/rhev-vm8--rhe6x86_64/buildbot/rhe6x86_64--arm-linux-gnueabihf/build/build-arm-linux-gnueabihf/host-tools --with-mpfr=/tmp/dgboter/bbs/rhev-vm8--rhe6x86_64/buildbot/rhe6x86_64--arm-linux-gnueabihf/build/build-arm-linux-gnueabihf/host-tools --with-mpc=/tmp/dgboter/bbs/rhev-vm8--rhe6x86_64/buildbot/rhe6x86_64--arm-linux-gnueabihf/build/build-arm-linux-gnueabihf/host-tools --with-isl=/tmp/dgboter/bbs/rhev-vm8--rhe6x86_64/buildbot/rhe6x86_64--arm-linux-gnueabihf/build/build-arm-linux-gnueabihf/host-tools --with-arch=armv7-a --with-fpu=neon --with-float=hard --with-arch=armv7-a --with-pkgversion='GNU Toolchain for the A-profile Architecture 8.3-2019.03 (arm-rel-8.36)'
Thread model: posix
gcc version 8.3.0 (GNU Toolchain for the A-profile Architecture 8.3-2019.03 (arm-rel-8.36)) 
configure:5191: $? = 0
configure:5180: arm-linux-gnueabihf-8.3-gcc -V >&5
arm-linux-gnueabihf-8.3-gcc: error: unrecognized command line option '-V'
arm-linux-gnueabihf-8.3-gcc: fatal error: no input files
compilation terminated.
configure:5191: $? = 1
configure:5180: arm-linux-gnueabihf-8.3-gcc -qversion >&5
arm-linux-gnueabihf-8.3-gcc: error: unrecognized command line option '-qversion'; did you mean '--version'?
arm-linux-gnueabihf-8.3-gcc: fatal error: no input files
compilation terminated.
configure:5191: $? = 1
configure:5195: checking whether we are using the GNU C compiler
configure:5223: result: yes
configure:5232: checking whether arm-linux-gnueabihf-8.3-gcc accepts -g
configure:5293: result: yes
configure:5310: checking for arm-linux-gnueabihf-8.3-gcc option to accept ISO C89
configure:5386: result: none needed
configure:5411: checking whether arm-linux-gnueabihf-8.3-gcc understands -c and -o together
configure:5448: result: yes
configure:5467: checking dependency style of arm-linux-gnueabihf-8.3-gcc
configure:5578: result: gcc3
configure:5594: checking whether ln -s works
configure:5598: result: yes
configure:5605: checking whether make sets $(MAKE)
configure:5627: result: yes
configure:5640: checking for sshd
configure:5658: found /usr/sbin/sshd
configure:5670: result: /usr/sbin/sshd
configure:6038: checking how to print strings
configure:6065: result: printf
configure:6086: checking for a sed that does not truncate output
configure:6150: result: /usr/bin/sed
configure:6168: checking for fgrep
configure:6230: result: /usr/bin/grep -F
configure:6265: checking for ld used by arm-linux-gnueabihf-8.3-gcc
configure:6332: result: /opt/gcc-arm-8.3-2019.03-x86_64-arm-linux-gnueabihf/arm-linux-gnueabihf/bin/ld
configure:6339: checking if the linker (/opt/gcc-arm-8.3-2019.03-x86_64-arm-linux-gnueabihf/arm-linux-gnueabihf/bin/ld) is GNU ld
configure:6354: result: yes
configure:6366: checking for BSD- or MS-compatible name lister (nm)
configure:6420: result: /opt/gcc-linaro-5.3-2016.02-x86_64_arm-linux-gnueabihf/bin/arm-linux-gnueabihf-nm -B
configure:6550: checking the name lister (/opt/gcc-linaro-5.3-2016.02-x86_64_arm-linux-gnueabihf/bin/arm-linux-gnueabihf-nm -B) interface
configure:6557: arm-linux-gnueabihf-8.3-gcc -c -g -O2  conftest.c >&5
configure:6560: /opt/gcc-linaro-5.3-2016.02-x86_64_arm-linux-gnueabihf/bin/arm-linux-gnueabihf-nm -B "conftest.o"
configure:6563: output
00000000 B some_variable
configure:6564: result: BSD nm
configure:6568: checking the maximum length of command line arguments
configure:6699: result: 1572864
configure:6747: checking how to convert x86_64-pc-linux-gnu file names to arm-unknown-linux-gnueabihf format
configure:6787: result: func_convert_file_noop
configure:6794: checking how to convert x86_64-pc-linux-gnu file names to toolchain format
configure:6814: result: func_convert_file_noop
configure:6821: checking for /opt/gcc-arm-8.3-2019.03-x86_64-arm-linux-gnueabihf/arm-linux-gnueabihf/bin/ld option to reload object files
configure:6828: result: -r
configure:6862: checking for arm-linux-gnueabihf-objdump
configure:6889: result: objdump
configure:6958: checking how to recognize dependent libraries
configure:7158: result: pass_all
configure:7203: checking for arm-linux-gnueabihf-dlltool
configure:7230: result: dlltool
configure:7300: checking how to associate runtime and link libraries
configure:7327: result: printf %s\n
configure:7343: checking for arm-linux-gnueabihf-ar
configure:7359: found /opt/gcc-linaro-5.3-2016.02-x86_64_arm-linux-gnueabihf/bin/arm-linux-gnueabihf-ar
configure:7370: result: arm-linux-gnueabihf-ar
configure:7451: checking for archiver @FILE support
configure:7468: arm-linux-gnueabihf-8.3-gcc -c -g -O2  conftest.c >&5
configure:7468: $? = 0
configure:7471: arm-linux-gnueabihf-ar cru libconftest.a @conftest.lst >&5
configure:7474: $? = 0
configure:7479: arm-linux-gnueabihf-ar cru libconftest.a @conftest.lst >&5
arm-linux-gnueabihf-ar: conftest.o: No such file or directory
configure:7482: $? = 1
configure:7481: result: @
configure:7499: checking for arm-linux-gnueabihf-strip
configure:7526: result: arm-linux-gnueabihf-strip
configure:7598: checking for arm-linux-gnueabihf-ranlib
configure:7614: found /opt/gcc-linaro-5.3-2016.02-x86_64_arm-linux-gnueabihf/bin/arm-linux-gnueabihf-ranlib
configure:7625: result: arm-linux-gnueabihf-ranlib
configure:7767: checking command to parse /opt/gcc-linaro-5.3-2016.02-x86_64_arm-linux-gnueabihf/bin/arm-linux-gnueabihf-nm -B output from arm-linux-gnueabihf-8.3-gcc object
configure:7920: arm-linux-gnueabihf-8.3-gcc -c -g -O2  conftest.c >&5
configure:7923: $? = 0
configure:7927: /opt/gcc-linaro-5.3-2016.02-x86_64_arm-linux-gnueabihf/bin/arm-linux-gnueabihf-nm -B conftest.o | sed -n -e 's/^.*[	 ]\([ABCDGIRSTW][ABCDGIRSTW]*\)[	 ][	 ]*\([_A-Za-z][_A-Za-z0-9]*\)$/\1 \2 \2/p' | sed '/ __gnu_lto/d' > conftest.nm
configure:7993: arm-linux-gnueabihf-8.3-gcc -o conftest -g -O2   conftest.c conftstm.o >&5
configure:7996: $? = 0
configure:8034: result: ok
configure:8081: checking for sysroot
configure:8111: result: no
configure:8118: checking for a working dd
configure:8156: result: /usr/bin/dd
configure:8160: checking how to truncate binary pipes
configure:8175: result: /usr/bin/dd bs=4096 count=1
configure:8464: checking for arm-linux-gnueabihf-mt
configure:8494: result: no
configure:8504: checking for mt
configure:8520: found /usr/bin/mt
configure:8531: result: mt
configure:8543: WARNING: using cross tools not prefixed with host triplet
configure:8554: checking if mt is a manifest tool
configure:8560: mt '-?'
configure:8568: result: no
configure:9242: checking for dlfcn.h
configure:9242: arm-linux-gnueabihf-8.3-gcc -c -g -O2  conftest.c >&5
configure:9242: $? = 0
configure:9242: result: yes
configure:9496: checking for objdir
configure:9511: result: .libs
configure:9775: checking if arm-linux-gnueabihf-8.3-gcc supports -fno-rtti -fno-exceptions
configure:9793: arm-linux-gnueabihf-8.3-gcc -c -g -O2  -fno-rtti -fno-exceptions conftest.c >&5
cc1: warning: command line option '-fno-rtti' is valid for C++/ObjC++ but not for C
configure:9797: $? = 0
configure:9810: result: no
configure:10174: checking for arm-linux-gnueabihf-8.3-gcc option to produce PIC
configure:10181: result: -fPIC -DPIC
configure:10189: checking if arm-linux-gnueabihf-8.3-gcc PIC flag -fPIC -DPIC works
configure:10207: arm-linux-gnueabihf-8.3-gcc -c -g -O2  -fPIC -DPIC -DPIC conftest.c >&5
configure:10211: $? = 0
configure:10224: result: yes
configure:10253: checking if arm-linux-gnueabihf-8.3-gcc static flag -static works
configure:10281: result: yes
configure:10296: checking if arm-linux-gnueabihf-8.3-gcc supports -c -o file.o
configure:10317: arm-linux-gnueabihf-8.3-gcc -c -g -O2  -o out/conftest2.o conftest.c >&5
configure:10321: $? = 0
configure:10343: result: yes
configure:10351: checking if arm-linux-gnueabihf-8.3-gcc supports -c -o file.o
configure:10398: result: yes
configure:10431: checking whether the arm-linux-gnueabihf-8.3-gcc linker (/opt/gcc-arm-8.3-2019.03-x86_64-arm-linux-gnueabihf/arm-linux-gnueabihf/bin/ld) supports shared libraries
configure:11694: result: yes
configure:11731: checking whether -lc should be explicitly linked in
configure:11739: arm-linux-gnueabihf-8.3-gcc -c -g -O2  conftest.c >&5
configure:11742: $? = 0
configure:11757: arm-linux-gnueabihf-8.3-gcc -shared  -fPIC -DPIC conftest.o  -v -Wl,-soname -Wl,conftest -o conftest 2\>\&1 \| /usr/bin/grep  -lc  \>/dev/null 2\>\&1
configure:11760: $? = 0
configure:11774: result: no
configure:11934: checking dynamic linker characteristics
configure:12515: arm-linux-gnueabihf-8.3-gcc -o conftest -g -O2   -Wl,-rpath -Wl,/foo conftest.c  >&5
configure:12515: $? = 0
configure:12764: result: GNU/Linux ld.so
configure:12886: checking how to hardcode library paths into programs
configure:12911: result: immediate
configure:13459: checking whether stripping libraries is possible
configure:13464: result: yes
configure:13499: checking if libtool supports shared libraries
configure:13501: result: yes
configure:13504: checking whether to build shared libraries
configure:13529: result: yes
configure:13532: checking whether to build static libraries
configure:13536: result: yes
configure:10349: checking whether byte ordering is bigendian
configure:10364: arm-linux-gnueabihf-8.3-gcc -c -g -O2  conftest.c >&5
conftest.c:25:9: error: unknown type name 'not'
         not a universal capable compiler
         ^~~
conftest.c:25:15: error: expected '=', ',', ';', 'asm' or '__attribute__' before 'universal'
         not a universal capable compiler
               ^~~~~~~~~
conftest.c:25:15: error: unknown type name 'universal'
configure:10364: $? = 1
configure: failed program was:
| /* confdefs.h */
| #define PACKAGE_NAME "libssh2"
| #define PACKAGE_TARNAME "libssh2"
| #define PACKAGE_VERSION "-"
| #define PACKAGE_STRING "libssh2 -"
| #define PACKAGE_BUGREPORT "libssh2-devel@cool.haxx.se"
| #define PACKAGE_URL ""
| #define PACKAGE "libssh2"
| #define VERSION "-"
| #define STDC_HEADERS 1
| #define HAVE_SYS_TYPES_H 1
| #define HAVE_SYS_STAT_H 1
| #define HAVE_STDLIB_H 1
| #define HAVE_STRING_H 1
| #define HAVE_MEMORY_H 1
| #define HAVE_STRINGS_H 1
| #define HAVE_INTTYPES_H 1
| #define HAVE_STDINT_H 1
| #define HAVE_UNISTD_H 1
| #define HAVE_LONGLONG 1
| #define HAVE_DLFCN_H 1
| #define LT_OBJDIR ".libs/"
| /* end confdefs.h.  */
| #ifndef __APPLE_CC__
| 	       not a universal capable compiler
| 	     #endif
| 	     typedef int dummy;
| 
configure:10409: arm-linux-gnueabihf-8.3-gcc -c -g -O2  conftest.c >&5
configure:10409: $? = 0
configure:10427: arm-linux-gnueabihf-8.3-gcc -c -g -O2  conftest.c >&5
conftest.c: In function 'main':
conftest.c:31:4: error: unknown type name 'not'; did you mean 'ino_t'?
    not big endian
    ^~~
    ino_t
conftest.c:31:12: error: expected '=', ',', ';', 'asm' or '__attribute__' before 'endian'
    not big endian
            ^~~~~~
configure:10427: $? = 1
configure: failed program was:
| /* confdefs.h */
| #define PACKAGE_NAME "libssh2"
| #define PACKAGE_TARNAME "libssh2"
| #define PACKAGE_VERSION "-"
| #define PACKAGE_STRING "libssh2 -"
| #define PACKAGE_BUGREPORT "libssh2-devel@cool.haxx.se"
| #define PACKAGE_URL ""
| #define PACKAGE "libssh2"
| #define VERSION "-"
| #define STDC_HEADERS 1
| #define HAVE_SYS_TYPES_H 1
| #define HAVE_SYS_STAT_H 1
| #define HAVE_STDLIB_H 1
| #define HAVE_STRING_H 1
| #define HAVE_MEMORY_H 1
| #define HAVE_STRINGS_H 1
| #define HAVE_INTTYPES_H 1
| #define HAVE_STDINT_H 1
| #define HAVE_UNISTD_H 1
| #define HAVE_LONGLONG 1
| #define HAVE_DLFCN_H 1
| #define LT_OBJDIR ".libs/"
| /* end confdefs.h.  */
| #include <sys/types.h>
| 		#include <sys/param.h>
| 
| int
| main ()
| {
| #if BYTE_ORDER != BIG_ENDIAN
| 		 not big endian
| 		#endif
| 
|   ;
|   return 0;
| }
configure:10555: result: no
configure:10581: checking for special C compiler options needed for large files
configure:10626: result: no
configure:10632: checking for _FILE_OFFSET_BITS value needed for large files
configure:10657: arm-linux-gnueabihf-8.3-gcc -c -g -O2  conftest.c >&5
conftest.c:29:41: warning: result of '-2147483648 << 31' requires 63 bits to represent, but 'long int' only has 32 bits [-Wshift-overflow=]
 #define LARGE_OFF_T ((((off_t) 1 << 31) << 31) - 1 + (((off_t) 1 << 31) << 31))
                                         ^~
conftest.c:30:23: note: in expansion of macro 'LARGE_OFF_T'
   int off_t_is_large[(LARGE_OFF_T % 2147483629 == 721
                       ^~~~~~~~~~~
conftest.c:29:73: warning: result of '-2147483648 << 31' requires 63 bits to represent, but 'long int' only has 32 bits [-Wshift-overflow=]
 #define LARGE_OFF_T ((((off_t) 1 << 31) << 31) - 1 + (((off_t) 1 << 31) << 31))
                                                                         ^~
conftest.c:30:23: note: in expansion of macro 'LARGE_OFF_T'
   int off_t_is_large[(LARGE_OFF_T % 2147483629 == 721
                       ^~~~~~~~~~~
conftest.c:29:41: warning: result of '-2147483648 << 31' requires 63 bits to represent, but 'long int' only has 32 bits [-Wshift-overflow=]
 #define LARGE_OFF_T ((((off_t) 1 << 31) << 31) - 1 + (((off_t) 1 << 31) << 31))
                                         ^~
conftest.c:31:13: note: in expansion of macro 'LARGE_OFF_T'
          && LARGE_OFF_T % 2147483647 == 1)
             ^~~~~~~~~~~
conftest.c:29:73: warning: result of '-2147483648 << 31' requires 63 bits to represent, but 'long int' only has 32 bits [-Wshift-overflow=]
 #define LARGE_OFF_T ((((off_t) 1 << 31) << 31) - 1 + (((off_t) 1 << 31) << 31))
                                                                         ^~
conftest.c:31:13: note: in expansion of macro 'LARGE_OFF_T'
          && LARGE_OFF_T % 2147483647 == 1)
             ^~~~~~~~~~~
conftest.c:30:7: error: variably modified 'off_t_is_large' at file scope
   int off_t_is_large[(LARGE_OFF_T % 2147483629 == 721
       ^~~~~~~~~~~~~~
configure:10657: $? = 1
configure: failed program was:
| /* confdefs.h */
| #define PACKAGE_NAME "libssh2"
| #define PACKAGE_TARNAME "libssh2"
| #define PACKAGE_VERSION "-"
| #define PACKAGE_STRING "libssh2 -"
| #define PACKAGE_BUGREPORT "libssh2-devel@cool.haxx.se"
| #define PACKAGE_URL ""
| #define PACKAGE "libssh2"
| #define VERSION "-"
| #define STDC_HEADERS 1
| #define HAVE_SYS_TYPES_H 1
| #define HAVE_SYS_STAT_H 1
| #define HAVE_STDLIB_H 1
| #define HAVE_STRING_H 1
| #define HAVE_MEMORY_H 1
| #define HAVE_STRINGS_H 1
| #define HAVE_INTTYPES_H 1
| #define HAVE_STDINT_H 1
| #define HAVE_UNISTD_H 1
| #define HAVE_LONGLONG 1
| #define HAVE_DLFCN_H 1
| #define LT_OBJDIR ".libs/"
| /* end confdefs.h.  */
| #include <sys/types.h>
|  /* Check that off_t can represent 2**63 - 1 correctly.
|     We can't simply define LARGE_OFF_T to be 9223372036854775807,
|     since some C++ compilers masquerading as C compilers
|     incorrectly reject 9223372036854775807.  */
| #define LARGE_OFF_T ((((off_t) 1 << 31) << 31) - 1 + (((off_t) 1 << 31) << 31))
|   int off_t_is_large[(LARGE_OFF_T % 2147483629 == 721
| 		       && LARGE_OFF_T % 2147483647 == 1)
| 		      ? 1 : -1];
| int
| main ()
| {
| 
|   ;
|   return 0;
| }
configure:10681: arm-linux-gnueabihf-8.3-gcc -c -g -O2  conftest.c >&5
configure:10681: $? = 0
configure:10689: result: 64
configure:10839: checking for ld used by GCC
configure:10903: result: /opt/gcc-arm-8.3-2019.03-x86_64-arm-linux-gnueabihf/arm-linux-gnueabihf/bin/ld
configure:10910: checking if the linker (/opt/gcc-arm-8.3-2019.03-x86_64-arm-linux-gnueabihf/arm-linux-gnueabihf/bin/ld) is GNU ld
configure:10923: result: yes
configure:10930: checking for shared library run path origin
configure:10943: result: done
configure:11460: checking for libssl
configure:11479: arm-linux-gnueabihf-8.3-gcc -o conftest -g -O2 -I/opt/gcc-arm-8.3-2019.03-x86_64-arm-linux-gnueabihf/arm-linux-gnueabihf/libc/usr/lib/include -L/opt/gcc-arm-8.3-2019.03-x86_64-arm-linux-gnueabihf/arm-linux-gnueabihf/libc/usr/lib/lib conftest.c  -lssl -lcrypto >&5
configure:11479: $? = 0
configure:11489: result: yes
configure:11496: checking how to link with libssl
configure:11498: result: -lssl -lcrypto
configure:11529: checking for EVP_aes_128_ctr
configure:11529: arm-linux-gnueabihf-8.3-gcc -o conftest -g -O2 -I/opt/gcc-arm-8.3-2019.03-x86_64-arm-linux-gnueabihf/arm-linux-gnueabihf/libc/usr/lib/include  conftest.c  -lssl -lcrypto >&5
configure:11529: $? = 0
configure:11529: result: yes
configure:14324: checking for libz
configure:14343: arm-linux-gnueabihf-8.3-gcc -o conftest -g -O2 -I/opt/gcc-arm-8.3-2019.03-x86_64-arm-linux-gnueabihf/arm-linux-gnueabihf/libc/usr/lib/include  conftest.c  -lz >&5
configure:14343: $? = 0
configure:14353: result: yes
configure:14360: checking how to link with libz
configure:14362: result: -lz
configure:14445: WARNING: secure clearing/zeroing of memory is not supported by the selected crypto backend
configure:14460: checking whether to enable pedantic and debug compiler options
configure:14594: result: no
configure:14600: checking whether to enable hidden symbols in the library
configure:14641: result: no
configure:14648: checking whether to build example applications
configure:14664: result: yes
configure:14680: checking errno.h usability
configure:14680: arm-linux-gnueabihf-8.3-gcc -c -g -O2 -I/opt/gcc-arm-8.3-2019.03-x86_64-arm-linux-gnueabihf/arm-linux-gnueabihf/libc/usr/lib/include conftest.c >&5
configure:14680: $? = 0
configure:14680: result: yes
configure:14680: checking errno.h presence
configure:14680: arm-linux-gnueabihf-8.3-gcc -E -I/opt/gcc-arm-8.3-2019.03-x86_64-arm-linux-gnueabihf/arm-linux-gnueabihf/libc/usr/lib/include conftest.c
configure:14680: $? = 0
configure:14680: result: yes
configure:14680: checking for errno.h
configure:14680: result: yes
configure:14680: checking fcntl.h usability
configure:14680: arm-linux-gnueabihf-8.3-gcc -c -g -O2 -I/opt/gcc-arm-8.3-2019.03-x86_64-arm-linux-gnueabihf/arm-linux-gnueabihf/libc/usr/lib/include conftest.c >&5
configure:14680: $? = 0
configure:14680: result: yes
configure:14680: checking fcntl.h presence
configure:14680: arm-linux-gnueabihf-8.3-gcc -E -I/opt/gcc-arm-8.3-2019.03-x86_64-arm-linux-gnueabihf/arm-linux-gnueabihf/libc/usr/lib/include conftest.c
configure:14680: $? = 0
configure:14680: result: yes
configure:14680: checking for fcntl.h
configure:14680: result: yes
configure:14680: checking stdio.h usability
configure:14680: arm-linux-gnueabihf-8.3-gcc -c -g -O2 -I/opt/gcc-arm-8.3-2019.03-x86_64-arm-linux-gnueabihf/arm-linux-gnueabihf/libc/usr/lib/include conftest.c >&5
configure:14680: $? = 0
configure:14680: result: yes
configure:14680: checking stdio.h presence
configure:14680: arm-linux-gnueabihf-8.3-gcc -E -I/opt/gcc-arm-8.3-2019.03-x86_64-arm-linux-gnueabihf/arm-linux-gnueabihf/libc/usr/lib/include conftest.c
configure:14680: $? = 0
configure:14680: result: yes
configure:14680: checking for stdio.h
configure:14680: result: yes
configure:14680: checking for stdlib.h
configure:14680: result: yes
configure:14680: checking for unistd.h
configure:14680: result: yes
configure:14680: checking sys/uio.h usability
configure:14680: arm-linux-gnueabihf-8.3-gcc -c -g -O2 -I/opt/gcc-arm-8.3-2019.03-x86_64-arm-linux-gnueabihf/arm-linux-gnueabihf/libc/usr/lib/include conftest.c >&5
configure:14680: $? = 0
configure:14680: result: yes
configure:14680: checking sys/uio.h presence
configure:14680: arm-linux-gnueabihf-8.3-gcc -E -I/opt/gcc-arm-8.3-2019.03-x86_64-arm-linux-gnueabihf/arm-linux-gnueabihf/libc/usr/lib/include conftest.c
configure:14680: $? = 0
configure:14680: result: yes
configure:14680: checking for sys/uio.h
configure:14680: result: yes
configure:14693: checking sys/select.h usability
configure:14693: arm-linux-gnueabihf-8.3-gcc -c -g -O2 -I/opt/gcc-arm-8.3-2019.03-x86_64-arm-linux-gnueabihf/arm-linux-gnueabihf/libc/usr/lib/include conftest.c >&5
configure:14693: $? = 0
configure:14693: result: yes
configure:14693: checking sys/select.h presence
configure:14693: arm-linux-gnueabihf-8.3-gcc -E -I/opt/gcc-arm-8.3-2019.03-x86_64-arm-linux-gnueabihf/arm-linux-gnueabihf/libc/usr/lib/include conftest.c
configure:14693: $? = 0
configure:14693: result: yes
configure:14693: checking for sys/select.h
configure:14693: result: yes
configure:14693: checking sys/socket.h usability
configure:14693: arm-linux-gnueabihf-8.3-gcc -c -g -O2 -I/opt/gcc-arm-8.3-2019.03-x86_64-arm-linux-gnueabihf/arm-linux-gnueabihf/libc/usr/lib/include conftest.c >&5
configure:14693: $? = 0
configure:14693: result: yes
configure:14693: checking sys/socket.h presence
configure:14693: arm-linux-gnueabihf-8.3-gcc -E -I/opt/gcc-arm-8.3-2019.03-x86_64-arm-linux-gnueabihf/arm-linux-gnueabihf/libc/usr/lib/include conftest.c
configure:14693: $? = 0
configure:14693: result: yes
configure:14693: checking for sys/socket.h
configure:14693: result: yes
configure:14693: checking sys/ioctl.h usability
configure:14693: arm-linux-gnueabihf-8.3-gcc -c -g -O2 -I/opt/gcc-arm-8.3-2019.03-x86_64-arm-linux-gnueabihf/arm-linux-gnueabihf/libc/usr/lib/include conftest.c >&5
configure:14693: $? = 0
configure:14693: result: yes
configure:14693: checking sys/ioctl.h presence
configure:14693: arm-linux-gnueabihf-8.3-gcc -E -I/opt/gcc-arm-8.3-2019.03-x86_64-arm-linux-gnueabihf/arm-linux-gnueabihf/libc/usr/lib/include conftest.c
configure:14693: $? = 0
configure:14693: result: yes
configure:14693: checking for sys/ioctl.h
configure:14693: result: yes
configure:14693: checking sys/time.h usability
configure:14693: arm-linux-gnueabihf-8.3-gcc -c -g -O2 -I/opt/gcc-arm-8.3-2019.03-x86_64-arm-linux-gnueabihf/arm-linux-gnueabihf/libc/usr/lib/include conftest.c >&5
configure:14693: $? = 0
configure:14693: result: yes
configure:14693: checking sys/time.h presence
configure:14693: arm-linux-gnueabihf-8.3-gcc -E -I/opt/gcc-arm-8.3-2019.03-x86_64-arm-linux-gnueabihf/arm-linux-gnueabihf/libc/usr/lib/include conftest.c
configure:14693: $? = 0
configure:14693: result: yes
configure:14693: checking for sys/time.h
configure:14693: result: yes
configure:14706: checking arpa/inet.h usability
configure:14706: arm-linux-gnueabihf-8.3-gcc -c -g -O2 -I/opt/gcc-arm-8.3-2019.03-x86_64-arm-linux-gnueabihf/arm-linux-gnueabihf/libc/usr/lib/include conftest.c >&5
configure:14706: $? = 0
configure:14706: result: yes
configure:14706: checking arpa/inet.h presence
configure:14706: arm-linux-gnueabihf-8.3-gcc -E -I/opt/gcc-arm-8.3-2019.03-x86_64-arm-linux-gnueabihf/arm-linux-gnueabihf/libc/usr/lib/include conftest.c
configure:14706: $? = 0
configure:14706: result: yes
configure:14706: checking for arpa/inet.h
configure:14706: result: yes
configure:14706: checking netinet/in.h usability
configure:14706: arm-linux-gnueabihf-8.3-gcc -c -g -O2 -I/opt/gcc-arm-8.3-2019.03-x86_64-arm-linux-gnueabihf/arm-linux-gnueabihf/libc/usr/lib/include conftest.c >&5
configure:14706: $? = 0
configure:14706: result: yes
configure:14706: checking netinet/in.h presence
configure:14706: arm-linux-gnueabihf-8.3-gcc -E -I/opt/gcc-arm-8.3-2019.03-x86_64-arm-linux-gnueabihf/arm-linux-gnueabihf/libc/usr/lib/include conftest.c
configure:14706: $? = 0
configure:14706: result: yes
configure:14706: checking for netinet/in.h
configure:14706: result: yes
configure:14718: checking sys/un.h usability
configure:14718: arm-linux-gnueabihf-8.3-gcc -c -g -O2 -I/opt/gcc-arm-8.3-2019.03-x86_64-arm-linux-gnueabihf/arm-linux-gnueabihf/libc/usr/lib/include conftest.c >&5
configure:14718: $? = 0
configure:14718: result: yes
configure:14718: checking sys/un.h presence
configure:14718: arm-linux-gnueabihf-8.3-gcc -E -I/opt/gcc-arm-8.3-2019.03-x86_64-arm-linux-gnueabihf/arm-linux-gnueabihf/libc/usr/lib/include conftest.c
configure:14718: $? = 0
configure:14718: result: yes
configure:14718: checking for sys/un.h
configure:14718: result: yes
configure:14747: checking windows.h usability
configure:14747: arm-linux-gnueabihf-8.3-gcc -c -g -O2 -I/opt/gcc-arm-8.3-2019.03-x86_64-arm-linux-gnueabihf/arm-linux-gnueabihf/libc/usr/lib/include conftest.c >&5
conftest.c:77:10: fatal error: windows.h: No such file or directory
 #include <windows.h>
          ^~~~~~~~~~~
compilation terminated.
configure:14747: $? = 1
configure: failed program was:
| /* confdefs.h */
| #define PACKAGE_NAME "libssh2"
| #define PACKAGE_TARNAME "libssh2"
| #define PACKAGE_VERSION "-"
| #define PACKAGE_STRING "libssh2 -"
| #define PACKAGE_BUGREPORT "libssh2-devel@cool.haxx.se"
| #define PACKAGE_URL ""
| #define PACKAGE "libssh2"
| #define VERSION "-"
| #define STDC_HEADERS 1
| #define HAVE_SYS_TYPES_H 1
| #define HAVE_SYS_STAT_H 1
| #define HAVE_STDLIB_H 1
| #define HAVE_STRING_H 1
| #define HAVE_MEMORY_H 1
| #define HAVE_STRINGS_H 1
| #define HAVE_INTTYPES_H 1
| #define HAVE_STDINT_H 1
| #define HAVE_UNISTD_H 1
| #define HAVE_LONGLONG 1
| #define HAVE_DLFCN_H 1
| #define LT_OBJDIR ".libs/"
| #define _FILE_OFFSET_BITS 64
| #define HAVE_LIBSSL 1
| #define LIBSSH2_OPENSSL 1
| #define HAVE_EVP_AES_128_CTR 1
| #define HAVE_LIBZ 1
| #define LIBSSH2_HAVE_ZLIB 1
| #define LIBSSH2_DH_GEX_NEW 1
| #define HAVE_ERRNO_H 1
| #define HAVE_FCNTL_H 1
| #define HAVE_STDIO_H 1
| #define HAVE_STDLIB_H 1
| #define HAVE_UNISTD_H 1
| #define HAVE_SYS_UIO_H 1
| #define HAVE_SYS_SELECT_H 1
| #define HAVE_SYS_SOCKET_H 1
| #define HAVE_SYS_IOCTL_H 1
| #define HAVE_SYS_TIME_H 1
| #define HAVE_ARPA_INET_H 1
| #define HAVE_NETINET_IN_H 1
| #define HAVE_SYS_UN_H 1
| /* end confdefs.h.  */
| #include <stdio.h>
| #ifdef HAVE_SYS_TYPES_H
| # include <sys/types.h>
| #endif
| #ifdef HAVE_SYS_STAT_H
| # include <sys/stat.h>
| #endif
| #ifdef STDC_HEADERS
| # include <stdlib.h>
| # include <stddef.h>
| #else
| # ifdef HAVE_STDLIB_H
| #  include <stdlib.h>
| # endif
| #endif
| #ifdef HAVE_STRING_H
| # if !defined STDC_HEADERS && defined HAVE_MEMORY_H
| #  include <memory.h>
| # endif
| # include <string.h>
| #endif
| #ifdef HAVE_STRINGS_H
| # include <strings.h>
| #endif
| #ifdef HAVE_INTTYPES_H
| # include <inttypes.h>
| #endif
| #ifdef HAVE_STDINT_H
| # include <stdint.h>
| #endif
| #ifdef HAVE_UNISTD_H
| # include <unistd.h>
| #endif
| #include <windows.h>
configure:14747: result: no
configure:14747: checking windows.h presence
configure:14747: arm-linux-gnueabihf-8.3-gcc -E -I/opt/gcc-arm-8.3-2019.03-x86_64-arm-linux-gnueabihf/arm-linux-gnueabihf/libc/usr/lib/include conftest.c
conftest.c:44:10: fatal error: windows.h: No such file or directory
 #include <windows.h>
          ^~~~~~~~~~~
compilation terminated.
configure:14747: $? = 1
configure: failed program was:
| /* confdefs.h */
| #define PACKAGE_NAME "libssh2"
| #define PACKAGE_TARNAME "libssh2"
| #define PACKAGE_VERSION "-"
| #define PACKAGE_STRING "libssh2 -"
| #define PACKAGE_BUGREPORT "libssh2-devel@cool.haxx.se"
| #define PACKAGE_URL ""
| #define PACKAGE "libssh2"
| #define VERSION "-"
| #define STDC_HEADERS 1
| #define HAVE_SYS_TYPES_H 1
| #define HAVE_SYS_STAT_H 1
| #define HAVE_STDLIB_H 1
| #define HAVE_STRING_H 1
| #define HAVE_MEMORY_H 1
| #define HAVE_STRINGS_H 1
| #define HAVE_INTTYPES_H 1
| #define HAVE_STDINT_H 1
| #define HAVE_UNISTD_H 1
| #define HAVE_LONGLONG 1
| #define HAVE_DLFCN_H 1
| #define LT_OBJDIR ".libs/"
| #define _FILE_OFFSET_BITS 64
| #define HAVE_LIBSSL 1
| #define LIBSSH2_OPENSSL 1
| #define HAVE_EVP_AES_128_CTR 1
| #define HAVE_LIBZ 1
| #define LIBSSH2_HAVE_ZLIB 1
| #define LIBSSH2_DH_GEX_NEW 1
| #define HAVE_ERRNO_H 1
| #define HAVE_FCNTL_H 1
| #define HAVE_STDIO_H 1
| #define HAVE_STDLIB_H 1
| #define HAVE_UNISTD_H 1
| #define HAVE_SYS_UIO_H 1
| #define HAVE_SYS_SELECT_H 1
| #define HAVE_SYS_SOCKET_H 1
| #define HAVE_SYS_IOCTL_H 1
| #define HAVE_SYS_TIME_H 1
| #define HAVE_ARPA_INET_H 1
| #define HAVE_NETINET_IN_H 1
| #define HAVE_SYS_UN_H 1
| /* end confdefs.h.  */
| #include <windows.h>
configure:14747: result: no
configure:14747: checking for windows.h
configure:14747: result: no
configure:14747: checking winsock2.h usability
configure:14747: arm-linux-gnueabihf-8.3-gcc -c -g -O2 -I/opt/gcc-arm-8.3-2019.03-x86_64-arm-linux-gnueabihf/arm-linux-gnueabihf/libc/usr/lib/include conftest.c >&5
conftest.c:77:10: fatal error: winsock2.h: No such file or directory
 #include <winsock2.h>
          ^~~~~~~~~~~~
compilation terminated.
configure:14747: $? = 1
configure: failed program was:
| /* confdefs.h */
| #define PACKAGE_NAME "libssh2"
| #define PACKAGE_TARNAME "libssh2"
| #define PACKAGE_VERSION "-"
| #define PACKAGE_STRING "libssh2 -"
| #define PACKAGE_BUGREPORT "libssh2-devel@cool.haxx.se"
| #define PACKAGE_URL ""
| #define PACKAGE "libssh2"
| #define VERSION "-"
| #define STDC_HEADERS 1
| #define HAVE_SYS_TYPES_H 1
| #define HAVE_SYS_STAT_H 1
| #define HAVE_STDLIB_H 1
| #define HAVE_STRING_H 1
| #define HAVE_MEMORY_H 1
| #define HAVE_STRINGS_H 1
| #define HAVE_INTTYPES_H 1
| #define HAVE_STDINT_H 1
| #define HAVE_UNISTD_H 1
| #define HAVE_LONGLONG 1
| #define HAVE_DLFCN_H 1
| #define LT_OBJDIR ".libs/"
| #define _FILE_OFFSET_BITS 64
| #define HAVE_LIBSSL 1
| #define LIBSSH2_OPENSSL 1
| #define HAVE_EVP_AES_128_CTR 1
| #define HAVE_LIBZ 1
| #define LIBSSH2_HAVE_ZLIB 1
| #define LIBSSH2_DH_GEX_NEW 1
| #define HAVE_ERRNO_H 1
| #define HAVE_FCNTL_H 1
| #define HAVE_STDIO_H 1
| #define HAVE_STDLIB_H 1
| #define HAVE_UNISTD_H 1
| #define HAVE_SYS_UIO_H 1
| #define HAVE_SYS_SELECT_H 1
| #define HAVE_SYS_SOCKET_H 1
| #define HAVE_SYS_IOCTL_H 1
| #define HAVE_SYS_TIME_H 1
| #define HAVE_ARPA_INET_H 1
| #define HAVE_NETINET_IN_H 1
| #define HAVE_SYS_UN_H 1
| /* end confdefs.h.  */
| #include <stdio.h>
| #ifdef HAVE_SYS_TYPES_H
| # include <sys/types.h>
| #endif
| #ifdef HAVE_SYS_STAT_H
| # include <sys/stat.h>
| #endif
| #ifdef STDC_HEADERS
| # include <stdlib.h>
| # include <stddef.h>
| #else
| # ifdef HAVE_STDLIB_H
| #  include <stdlib.h>
| # endif
| #endif
| #ifdef HAVE_STRING_H
| # if !defined STDC_HEADERS && defined HAVE_MEMORY_H
| #  include <memory.h>
| # endif
| # include <string.h>
| #endif
| #ifdef HAVE_STRINGS_H
| # include <strings.h>
| #endif
| #ifdef HAVE_INTTYPES_H
| # include <inttypes.h>
| #endif
| #ifdef HAVE_STDINT_H
| # include <stdint.h>
| #endif
| #ifdef HAVE_UNISTD_H
| # include <unistd.h>
| #endif
| #include <winsock2.h>
configure:14747: result: no
configure:14747: checking winsock2.h presence
configure:14747: arm-linux-gnueabihf-8.3-gcc -E -I/opt/gcc-arm-8.3-2019.03-x86_64-arm-linux-gnueabihf/arm-linux-gnueabihf/libc/usr/lib/include conftest.c
conftest.c:44:10: fatal error: winsock2.h: No such file or directory
 #include <winsock2.h>
          ^~~~~~~~~~~~
compilation terminated.
configure:14747: $? = 1
configure: failed program was:
| /* confdefs.h */
| #define PACKAGE_NAME "libssh2"
| #define PACKAGE_TARNAME "libssh2"
| #define PACKAGE_VERSION "-"
| #define PACKAGE_STRING "libssh2 -"
| #define PACKAGE_BUGREPORT "libssh2-devel@cool.haxx.se"
| #define PACKAGE_URL ""
| #define PACKAGE "libssh2"
| #define VERSION "-"
| #define STDC_HEADERS 1
| #define HAVE_SYS_TYPES_H 1
| #define HAVE_SYS_STAT_H 1
| #define HAVE_STDLIB_H 1
| #define HAVE_STRING_H 1
| #define HAVE_MEMORY_H 1
| #define HAVE_STRINGS_H 1
| #define HAVE_INTTYPES_H 1
| #define HAVE_STDINT_H 1
| #define HAVE_UNISTD_H 1
| #define HAVE_LONGLONG 1
| #define HAVE_DLFCN_H 1
| #define LT_OBJDIR ".libs/"
| #define _FILE_OFFSET_BITS 64
| #define HAVE_LIBSSL 1
| #define LIBSSH2_OPENSSL 1
| #define HAVE_EVP_AES_128_CTR 1
| #define HAVE_LIBZ 1
| #define LIBSSH2_HAVE_ZLIB 1
| #define LIBSSH2_DH_GEX_NEW 1
| #define HAVE_ERRNO_H 1
| #define HAVE_FCNTL_H 1
| #define HAVE_STDIO_H 1
| #define HAVE_STDLIB_H 1
| #define HAVE_UNISTD_H 1
| #define HAVE_SYS_UIO_H 1
| #define HAVE_SYS_SELECT_H 1
| #define HAVE_SYS_SOCKET_H 1
| #define HAVE_SYS_IOCTL_H 1
| #define HAVE_SYS_TIME_H 1
| #define HAVE_ARPA_INET_H 1
| #define HAVE_NETINET_IN_H 1
| #define HAVE_SYS_UN_H 1
| /* end confdefs.h.  */
| #include <winsock2.h>
configure:14747: result: no
configure:14747: checking for winsock2.h
configure:14747: result: no
configure:14747: checking ws2tcpip.h usability
configure:14747: arm-linux-gnueabihf-8.3-gcc -c -g -O2 -I/opt/gcc-arm-8.3-2019.03-x86_64-arm-linux-gnueabihf/arm-linux-gnueabihf/libc/usr/lib/include conftest.c >&5
conftest.c:77:10: fatal error: ws2tcpip.h: No such file or directory
 #include <ws2tcpip.h>
          ^~~~~~~~~~~~
compilation terminated.
configure:14747: $? = 1
configure: failed program was:
| /* confdefs.h */
| #define PACKAGE_NAME "libssh2"
| #define PACKAGE_TARNAME "libssh2"
| #define PACKAGE_VERSION "-"
| #define PACKAGE_STRING "libssh2 -"
| #define PACKAGE_BUGREPORT "libssh2-devel@cool.haxx.se"
| #define PACKAGE_URL ""
| #define PACKAGE "libssh2"
| #define VERSION "-"
| #define STDC_HEADERS 1
| #define HAVE_SYS_TYPES_H 1
| #define HAVE_SYS_STAT_H 1
| #define HAVE_STDLIB_H 1
| #define HAVE_STRING_H 1
| #define HAVE_MEMORY_H 1
| #define HAVE_STRINGS_H 1
| #define HAVE_INTTYPES_H 1
| #define HAVE_STDINT_H 1
| #define HAVE_UNISTD_H 1
| #define HAVE_LONGLONG 1
| #define HAVE_DLFCN_H 1
| #define LT_OBJDIR ".libs/"
| #define _FILE_OFFSET_BITS 64
| #define HAVE_LIBSSL 1
| #define LIBSSH2_OPENSSL 1
| #define HAVE_EVP_AES_128_CTR 1
| #define HAVE_LIBZ 1
| #define LIBSSH2_HAVE_ZLIB 1
| #define LIBSSH2_DH_GEX_NEW 1
| #define HAVE_ERRNO_H 1
| #define HAVE_FCNTL_H 1
| #define HAVE_STDIO_H 1
| #define HAVE_STDLIB_H 1
| #define HAVE_UNISTD_H 1
| #define HAVE_SYS_UIO_H 1
| #define HAVE_SYS_SELECT_H 1
| #define HAVE_SYS_SOCKET_H 1
| #define HAVE_SYS_IOCTL_H 1
| #define HAVE_SYS_TIME_H 1
| #define HAVE_ARPA_INET_H 1
| #define HAVE_NETINET_IN_H 1
| #define HAVE_SYS_UN_H 1
| /* end confdefs.h.  */
| #include <stdio.h>
| #ifdef HAVE_SYS_TYPES_H
| # include <sys/types.h>
| #endif
| #ifdef HAVE_SYS_STAT_H
| # include <sys/stat.h>
| #endif
| #ifdef STDC_HEADERS
| # include <stdlib.h>
| # include <stddef.h>
| #else
| # ifdef HAVE_STDLIB_H
| #  include <stdlib.h>
| # endif
| #endif
| #ifdef HAVE_STRING_H
| # if !defined STDC_HEADERS && defined HAVE_MEMORY_H
| #  include <memory.h>
| # endif
| # include <string.h>
| #endif
| #ifdef HAVE_STRINGS_H
| # include <strings.h>
| #endif
| #ifdef HAVE_INTTYPES_H
| # include <inttypes.h>
| #endif
| #ifdef HAVE_STDINT_H
| # include <stdint.h>
| #endif
| #ifdef HAVE_UNISTD_H
| # include <unistd.h>
| #endif
| #include <ws2tcpip.h>
configure:14747: result: no
configure:14747: checking ws2tcpip.h presence
configure:14747: arm-linux-gnueabihf-8.3-gcc -E -I/opt/gcc-arm-8.3-2019.03-x86_64-arm-linux-gnueabihf/arm-linux-gnueabihf/libc/usr/lib/include conftest.c
conftest.c:44:10: fatal error: ws2tcpip.h: No such file or directory
 #include <ws2tcpip.h>
          ^~~~~~~~~~~~
compilation terminated.
configure:14747: $? = 1
configure: failed program was:
| /* confdefs.h */
| #define PACKAGE_NAME "libssh2"
| #define PACKAGE_TARNAME "libssh2"
| #define PACKAGE_VERSION "-"
| #define PACKAGE_STRING "libssh2 -"
| #define PACKAGE_BUGREPORT "libssh2-devel@cool.haxx.se"
| #define PACKAGE_URL ""
| #define PACKAGE "libssh2"
| #define VERSION "-"
| #define STDC_HEADERS 1
| #define HAVE_SYS_TYPES_H 1
| #define HAVE_SYS_STAT_H 1
| #define HAVE_STDLIB_H 1
| #define HAVE_STRING_H 1
| #define HAVE_MEMORY_H 1
| #define HAVE_STRINGS_H 1
| #define HAVE_INTTYPES_H 1
| #define HAVE_STDINT_H 1
| #define HAVE_UNISTD_H 1
| #define HAVE_LONGLONG 1
| #define HAVE_DLFCN_H 1
| #define LT_OBJDIR ".libs/"
| #define _FILE_OFFSET_BITS 64
| #define HAVE_LIBSSL 1
| #define LIBSSH2_OPENSSL 1
| #define HAVE_EVP_AES_128_CTR 1
| #define HAVE_LIBZ 1
| #define LIBSSH2_HAVE_ZLIB 1
| #define LIBSSH2_DH_GEX_NEW 1
| #define HAVE_ERRNO_H 1
| #define HAVE_FCNTL_H 1
| #define HAVE_STDIO_H 1
| #define HAVE_STDLIB_H 1
| #define HAVE_UNISTD_H 1
| #define HAVE_SYS_UIO_H 1
| #define HAVE_SYS_SELECT_H 1
| #define HAVE_SYS_SOCKET_H 1
| #define HAVE_SYS_IOCTL_H 1
| #define HAVE_SYS_TIME_H 1
| #define HAVE_ARPA_INET_H 1
| #define HAVE_NETINET_IN_H 1
| #define HAVE_SYS_UN_H 1
| /* end confdefs.h.  */
| #include <ws2tcpip.h>
configure:14747: result: no
configure:14747: checking for ws2tcpip.h
configure:14747: result: no
configure:14768: checking for poll
configure:14768: arm-linux-gnueabihf-8.3-gcc -o conftest -g -O2 -I/opt/gcc-arm-8.3-2019.03-x86_64-arm-linux-gnueabihf/arm-linux-gnueabihf/libc/usr/lib/include  conftest.c  >&5
configure:14768: $? = 0
configure:14768: result: yes
configure:14783: checking for gettimeofday
configure:14783: arm-linux-gnueabihf-8.3-gcc -o conftest -g -O2 -I/opt/gcc-arm-8.3-2019.03-x86_64-arm-linux-gnueabihf/arm-linux-gnueabihf/libc/usr/lib/include  conftest.c  >&5
configure:14783: $? = 0
configure:14783: result: yes
configure:14783: checking for select
configure:14783: arm-linux-gnueabihf-8.3-gcc -o conftest -g -O2 -I/opt/gcc-arm-8.3-2019.03-x86_64-arm-linux-gnueabihf/arm-linux-gnueabihf/libc/usr/lib/include  conftest.c  >&5
configure:14783: $? = 0
configure:14783: result: yes
configure:14783: checking for strtoll
configure:14783: arm-linux-gnueabihf-8.3-gcc -o conftest -g -O2 -I/opt/gcc-arm-8.3-2019.03-x86_64-arm-linux-gnueabihf/arm-linux-gnueabihf/libc/usr/lib/include  conftest.c  >&5
configure:14783: $? = 0
configure:14783: result: yes
configure:14783: checking for memset_s
configure:14783: arm-linux-gnueabihf-8.3-gcc -o conftest -g -O2 -I/opt/gcc-arm-8.3-2019.03-x86_64-arm-linux-gnueabihf/arm-linux-gnueabihf/libc/usr/lib/include  conftest.c  >&5
/opt/gcc-arm-8.3-2019.03-x86_64-arm-linux-gnueabihf/bin/../lib/gcc/arm-linux-gnueabihf/8.3.0/../../../../arm-linux-gnueabihf/bin/ld: /tmp/ccJeYZpy.o: in function `main':
/home/windhill/Desktop/Remote_Recoder/Third_Dyn_Lib/libssh2-1.9.0/conftest.c:82: undefined reference to `memset_s'
collect2: error: ld returned 1 exit status
configure:14783: $? = 1
configure: failed program was:
| /* confdefs.h */
| #define PACKAGE_NAME "libssh2"
| #define PACKAGE_TARNAME "libssh2"
| #define PACKAGE_VERSION "-"
| #define PACKAGE_STRING "libssh2 -"
| #define PACKAGE_BUGREPORT "libssh2-devel@cool.haxx.se"
| #define PACKAGE_URL ""
| #define PACKAGE "libssh2"
| #define VERSION "-"
| #define STDC_HEADERS 1
| #define HAVE_SYS_TYPES_H 1
| #define HAVE_SYS_STAT_H 1
| #define HAVE_STDLIB_H 1
| #define HAVE_STRING_H 1
| #define HAVE_MEMORY_H 1
| #define HAVE_STRINGS_H 1
| #define HAVE_INTTYPES_H 1
| #define HAVE_STDINT_H 1
| #define HAVE_UNISTD_H 1
| #define HAVE_LONGLONG 1
| #define HAVE_DLFCN_H 1
| #define LT_OBJDIR ".libs/"
| #define _FILE_OFFSET_BITS 64
| #define HAVE_LIBSSL 1
| #define LIBSSH2_OPENSSL 1
| #define HAVE_EVP_AES_128_CTR 1
| #define HAVE_LIBZ 1
| #define LIBSSH2_HAVE_ZLIB 1
| #define LIBSSH2_DH_GEX_NEW 1
| #define HAVE_ERRNO_H 1
| #define HAVE_FCNTL_H 1
| #define HAVE_STDIO_H 1
| #define HAVE_STDLIB_H 1
| #define HAVE_UNISTD_H 1
| #define HAVE_SYS_UIO_H 1
| #define HAVE_SYS_SELECT_H 1
| #define HAVE_SYS_SOCKET_H 1
| #define HAVE_SYS_IOCTL_H 1
| #define HAVE_SYS_TIME_H 1
| #define HAVE_ARPA_INET_H 1
| #define HAVE_NETINET_IN_H 1
| #define HAVE_SYS_UN_H 1
| #define HAVE_POLL 1
| #define HAVE_GETTIMEOFDAY 1
| #define HAVE_SELECT 1
| #define HAVE_STRTOLL 1
| /* end confdefs.h.  */
| /* Define memset_s to an innocuous variant, in case <limits.h> declares memset_s.
|    For example, HP-UX 11i <limits.h> declares gettimeofday.  */
| #define memset_s innocuous_memset_s
| 
| /* System header to define __stub macros and hopefully few prototypes,
|     which can conflict with char memset_s (); below.
|     Prefer <limits.h> to <assert.h> if __STDC__ is defined, since
|     <limits.h> exists even on freestanding compilers.  */
| 
| #ifdef __STDC__
| # include <limits.h>
| #else
| # include <assert.h>
| #endif
| 
| #undef memset_s
| 
| /* Override any GCC internal prototype to avoid an error.
|    Use char because int might match the return type of a GCC
|    builtin and then its argument prototype would still apply.  */
| #ifdef __cplusplus
| extern "C"
| #endif
| char memset_s ();
| /* The GNU C library defines this for functions which it implements
|     to always fail with ENOSYS.  Some functions are actually named
|     something starting with __ and the normal name is an alias.  */
| #if defined __stub_memset_s || defined __stub___memset_s
| choke me
| #endif
| 
| int
| main ()
| {
| return memset_s ();
|   ;
|   return 0;
| }
configure:14783: result: no
configure:14837: checking for size_t
configure:14837: arm-linux-gnueabihf-8.3-gcc -c -g -O2 -I/opt/gcc-arm-8.3-2019.03-x86_64-arm-linux-gnueabihf/arm-linux-gnueabihf/libc/usr/lib/include conftest.c >&5
configure:14837: $? = 0
configure:14837: arm-linux-gnueabihf-8.3-gcc -c -g -O2 -I/opt/gcc-arm-8.3-2019.03-x86_64-arm-linux-gnueabihf/arm-linux-gnueabihf/libc/usr/lib/include conftest.c >&5
conftest.c: In function 'main':
conftest.c:84:21: error: expected expression before ')' token
 if (sizeof ((size_t)))
                     ^
configure:14837: $? = 1
configure: failed program was:
| /* confdefs.h */
| #define PACKAGE_NAME "libssh2"
| #define PACKAGE_TARNAME "libssh2"
| #define PACKAGE_VERSION "-"
| #define PACKAGE_STRING "libssh2 -"
| #define PACKAGE_BUGREPORT "libssh2-devel@cool.haxx.se"
| #define PACKAGE_URL ""
| #define PACKAGE "libssh2"
| #define VERSION "-"
| #define STDC_HEADERS 1
| #define HAVE_SYS_TYPES_H 1
| #define HAVE_SYS_STAT_H 1
| #define HAVE_STDLIB_H 1
| #define HAVE_STRING_H 1
| #define HAVE_MEMORY_H 1
| #define HAVE_STRINGS_H 1
| #define HAVE_INTTYPES_H 1
| #define HAVE_STDINT_H 1
| #define HAVE_UNISTD_H 1
| #define HAVE_LONGLONG 1
| #define HAVE_DLFCN_H 1
| #define LT_OBJDIR ".libs/"
| #define _FILE_OFFSET_BITS 64
| #define HAVE_LIBSSL 1
| #define LIBSSH2_OPENSSL 1
| #define HAVE_EVP_AES_128_CTR 1
| #define HAVE_LIBZ 1
| #define LIBSSH2_HAVE_ZLIB 1
| #define LIBSSH2_DH_GEX_NEW 1
| #define HAVE_ERRNO_H 1
| #define HAVE_FCNTL_H 1
| #define HAVE_STDIO_H 1
| #define HAVE_STDLIB_H 1
| #define HAVE_UNISTD_H 1
| #define HAVE_SYS_UIO_H 1
| #define HAVE_SYS_SELECT_H 1
| #define HAVE_SYS_SOCKET_H 1
| #define HAVE_SYS_IOCTL_H 1
| #define HAVE_SYS_TIME_H 1
| #define HAVE_ARPA_INET_H 1
| #define HAVE_NETINET_IN_H 1
| #define HAVE_SYS_UN_H 1
| #define HAVE_POLL 1
| #define HAVE_GETTIMEOFDAY 1
| #define HAVE_SELECT 1
| #define HAVE_STRTOLL 1
| /* end confdefs.h.  */
| #include <stdio.h>
| #ifdef HAVE_SYS_TYPES_H
| # include <sys/types.h>
| #endif
| #ifdef HAVE_SYS_STAT_H
| # include <sys/stat.h>
| #endif
| #ifdef STDC_HEADERS
| # include <stdlib.h>
| # include <stddef.h>
| #else
| # ifdef HAVE_STDLIB_H
| #  include <stdlib.h>
| # endif
| #endif
| #ifdef HAVE_STRING_H
| # if !defined STDC_HEADERS && defined HAVE_MEMORY_H
| #  include <memory.h>
| # endif
| # include <string.h>
| #endif
| #ifdef HAVE_STRINGS_H
| # include <strings.h>
| #endif
| #ifdef HAVE_INTTYPES_H
| # include <inttypes.h>
| #endif
| #ifdef HAVE_STDINT_H
| # include <stdint.h>
| #endif
| #ifdef HAVE_UNISTD_H
| # include <unistd.h>
| #endif
| int
| main ()
| {
| if (sizeof ((size_t)))
| 	    return 0;
|   ;
|   return 0;
| }
configure:14837: result: yes
configure:14850: checking for working alloca.h
configure:14867: arm-linux-gnueabihf-8.3-gcc -o conftest -g -O2 -I/opt/gcc-arm-8.3-2019.03-x86_64-arm-linux-gnueabihf/arm-linux-gnueabihf/libc/usr/lib/include  conftest.c  >&5
configure:14867: $? = 0
configure:14875: result: yes
configure:14883: checking for alloca
configure:14920: arm-linux-gnueabihf-8.3-gcc -o conftest -g -O2 -I/opt/gcc-arm-8.3-2019.03-x86_64-arm-linux-gnueabihf/arm-linux-gnueabihf/libc/usr/lib/include  conftest.c  >&5
configure:14920: $? = 0
configure:14928: result: yes
configure:15036: checking for an ANSI C-conforming const
configure:15102: arm-linux-gnueabihf-8.3-gcc -c -g -O2 -I/opt/gcc-arm-8.3-2019.03-x86_64-arm-linux-gnueabihf/arm-linux-gnueabihf/libc/usr/lib/include conftest.c >&5
configure:15102: $? = 0
configure:15109: result: yes
configure:15117: checking for inline
configure:15133: arm-linux-gnueabihf-8.3-gcc -c -g -O2 -I/opt/gcc-arm-8.3-2019.03-x86_64-arm-linux-gnueabihf/arm-linux-gnueabihf/libc/usr/lib/include conftest.c >&5
configure:15133: $? = 0
configure:15141: result: inline
configure:15161: checking non-blocking sockets style
configure:15199: arm-linux-gnueabihf-8.3-gcc -c -g -O2 -I/opt/gcc-arm-8.3-2019.03-x86_64-arm-linux-gnueabihf/arm-linux-gnueabihf/libc/usr/lib/include conftest.c >&5
configure:15199: $? = 0
configure:15360: result: O_NONBLOCK
configure:15389: checking whether to enable compiler warnings as errors
configure:15408: result: no
configure:15523: checking that generated files are newer than configure
configure:15529: result: done
configure:15585: creating ./config.status

## ---------------------- ##
## Running config.status. ##
## ---------------------- ##

This file was extended by libssh2 config.status -, which was
generated by GNU Autoconf 2.69.  Invocation command line was

  CONFIG_FILES    = 
  CONFIG_HEADERS  = 
  CONFIG_LINKS    = 
  CONFIG_COMMANDS = 
  $ ./config.status 

on windhill-ros2

config.status:1161: creating Makefile
config.status:1161: creating src/Makefile
config.status:1161: creating tests/Makefile
config.status:1161: creating example/Makefile
config.status:1161: creating docs/Makefile
config.status:1161: creating libssh2.pc
config.status:1161: creating src/libssh2_config.h
config.status:1342: src/libssh2_config.h is unchanged
config.status:1161: creating example/libssh2_config.h
config.status:1342: example/libssh2_config.h is unchanged
config.status:1390: executing depfiles commands
config.status:1467: cd src       && sed -e '/# am--include-marker/d' Makefile         | make -f - am--depfiles
make: Nothing to be done for 'am--depfiles'.
config.status:1472: $? = 0
config.status:1467: cd tests       && sed -e '/# am--include-marker/d' Makefile         | make -f - am--depfiles
make: Nothing to be done for 'am--depfiles'.
config.status:1472: $? = 0
config.status:1467: cd example       && sed -e '/# am--include-marker/d' Makefile         | make -f - am--depfiles
make: Nothing to be done for 'am--depfiles'.
config.status:1472: $? = 0
config.status:1390: executing libtool commands
configure:17754: summary of build options:

  version:          1.9.0
  Host type:        arm-unknown-linux-gnueabihf
  Install prefix:   /home/windhill/Desktop/Remote_Recoder/Third_Dyn_Lib/libssh2-1.9.0/arm_gcc83_build
  Compiler:         arm-linux-gnueabihf-8.3-gcc
  Compiler flags:   -g -O2
  Library types:    Shared=yes, Static=yes
  Crypto library:   OpenSSL (AES-CTR: yes)
  Clear memory:     unsupported
  Debug build:      no
  Build examples:   yes
  Path to sshd:     /usr/sbin/sshd (only for self-tests)
  zlib compression: yes


## ---------------- ##
## Cache variables. ##
## ---------------- ##

ac_cv_build=x86_64-pc-linux-gnu
ac_cv_c_bigendian=no
ac_cv_c_compiler_gnu=yes
ac_cv_c_const=yes
ac_cv_c_inline=inline
ac_cv_env_CC_set=set
ac_cv_env_CC_value=arm-linux-gnueabihf-8.3-gcc
ac_cv_env_CFLAGS_set=
ac_cv_env_CFLAGS_value=
ac_cv_env_CPPFLAGS_set=
ac_cv_env_CPPFLAGS_value=
ac_cv_env_CPP_set=
ac_cv_env_CPP_value=
ac_cv_env_LDFLAGS_set=
ac_cv_env_LDFLAGS_value=
ac_cv_env_LIBS_set=
ac_cv_env_LIBS_value=
ac_cv_env_LT_SYS_LIBRARY_PATH_set=
ac_cv_env_LT_SYS_LIBRARY_PATH_value=
ac_cv_env_build_alias_set=
ac_cv_env_build_alias_value=
ac_cv_env_host_alias_set=set
ac_cv_env_host_alias_value=arm-linux-gnueabihf
ac_cv_env_target_alias_set=
ac_cv_env_target_alias_value=
ac_cv_func_EVP_aes_128_ctr=yes
ac_cv_func_alloca_works=yes
ac_cv_func_gettimeofday=yes
ac_cv_func_memset_s=no
ac_cv_func_poll=yes
ac_cv_func_select=yes
ac_cv_func_strtoll=yes
ac_cv_header_arpa_inet_h=yes
ac_cv_header_dlfcn_h=yes
ac_cv_header_errno_h=yes
ac_cv_header_fcntl_h=yes
ac_cv_header_inttypes_h=yes
ac_cv_header_memory_h=yes
ac_cv_header_netinet_in_h=yes
ac_cv_header_stdc=yes
ac_cv_header_stdint_h=yes
ac_cv_header_stdio_h=yes
ac_cv_header_stdlib_h=yes
ac_cv_header_string_h=yes
ac_cv_header_strings_h=yes
ac_cv_header_sys_ioctl_h=yes
ac_cv_header_sys_select_h=yes
ac_cv_header_sys_socket_h=yes
ac_cv_header_sys_stat_h=yes
ac_cv_header_sys_time_h=yes
ac_cv_header_sys_types_h=yes
ac_cv_header_sys_uio_h=yes
ac_cv_header_sys_un_h=yes
ac_cv_header_unistd_h=yes
ac_cv_header_windows_h=no
ac_cv_header_winsock2_h=no
ac_cv_header_ws2tcpip_h=no
ac_cv_host=arm-unknown-linux-gnueabihf
ac_cv_libssl=yes
ac_cv_libz=yes
ac_cv_objext=o
ac_cv_path_EGREP='/usr/bin/grep -E'
ac_cv_path_FGREP='/usr/bin/grep -F'
ac_cv_path_GREP=/usr/bin/grep
ac_cv_path_SED=/usr/bin/sed
ac_cv_path_SSHD=/usr/sbin/sshd
ac_cv_path_install='/usr/bin/install -c'
ac_cv_path_lt_DD=/usr/bin/dd
ac_cv_path_mkdir=/usr/bin/mkdir
ac_cv_prog_AR=arm-linux-gnueabihf-ar
ac_cv_prog_AWK=gawk
ac_cv_prog_CC=arm-linux-gnueabihf-8.3-gcc
ac_cv_prog_CPP='arm-linux-gnueabihf-8.3-gcc -E'
ac_cv_prog_DLLTOOL=dlltool
ac_cv_prog_OBJDUMP=objdump
ac_cv_prog_RANLIB=arm-linux-gnueabihf-ranlib
ac_cv_prog_STRIP=arm-linux-gnueabihf-strip
ac_cv_prog_ac_ct_MANIFEST_TOOL=mt
ac_cv_prog_cc_c89=
ac_cv_prog_cc_g=yes
ac_cv_prog_make_make_set=yes
ac_cv_search_inet_addr='none required'
ac_cv_search_socket='none required'
ac_cv_sys_file_offset_bits=64
ac_cv_sys_largefile_CC=no
ac_cv_type_long_long=yes
ac_cv_type_size_t=yes
ac_cv_working_alloca_h=yes
acl_cv_hardcode_direct=no
acl_cv_hardcode_libdir_flag_spec='${wl}-rpath ${wl}$libdir'
acl_cv_hardcode_libdir_separator=
acl_cv_hardcode_minus_L=no
acl_cv_libext=a
acl_cv_libname_spec='lib$name'
acl_cv_library_names_spec='$libname$shrext'
acl_cv_path_LD=/opt/gcc-arm-8.3-2019.03-x86_64-arm-linux-gnueabihf/arm-linux-gnueabihf/bin/ld
acl_cv_prog_gnu_ld=yes
acl_cv_rpath=done
acl_cv_shlibext=so
acl_cv_wl=-Wl,
am_cv_CC_dependencies_compiler_type=gcc3
am_cv_make_support_nested_variables=yes
am_cv_prog_cc_c_o=yes
lt_cv_ar_at_file=@
lt_cv_archive_cmds_need_lc=no
lt_cv_deplibs_check_method=pass_all
lt_cv_file_magic_cmd='$MAGIC_CMD'
lt_cv_file_magic_test_file=
lt_cv_ld_reload_flag=-r
lt_cv_nm_interface='BSD nm'
lt_cv_objdir=.libs
lt_cv_path_LD=/opt/gcc-arm-8.3-2019.03-x86_64-arm-linux-gnueabihf/arm-linux-gnueabihf/bin/ld
lt_cv_path_NM='/opt/gcc-linaro-5.3-2016.02-x86_64_arm-linux-gnueabihf/bin/arm-linux-gnueabihf-nm -B'
lt_cv_path_mainfest_tool=no
lt_cv_prog_compiler_c_o=yes
lt_cv_prog_compiler_pic='-fPIC -DPIC'
lt_cv_prog_compiler_pic_works=yes
lt_cv_prog_compiler_rtti_exceptions=no
lt_cv_prog_compiler_static_works=yes
lt_cv_prog_gnu_ld=yes
lt_cv_sharedlib_from_linklib_cmd='printf %s\n'
lt_cv_shlibpath_overrides_runpath=no
lt_cv_sys_global_symbol_pipe='sed -n -e '\''s/^.*[	 ]\([ABCDGIRSTW][ABCDGIRSTW]*\)[	 ][	 ]*\([_A-Za-z][_A-Za-z0-9]*\)$/\1 \2 \2/p'\'' | sed '\''/ __gnu_lto/d'\'''
lt_cv_sys_global_symbol_to_c_name_address='sed -n -e '\''s/^: \(.*\) .*$/  {"\1", (void *) 0},/p'\'' -e '\''s/^[ABCDGIRSTW][ABCDGIRSTW]* .* \(.*\)$/  {"\1", (void *) \&\1},/p'\'''
lt_cv_sys_global_symbol_to_c_name_address_lib_prefix='sed -n -e '\''s/^: \(.*\) .*$/  {"\1", (void *) 0},/p'\'' -e '\''s/^[ABCDGIRSTW][ABCDGIRSTW]* .* \(lib.*\)$/  {"\1", (void *) \&\1},/p'\'' -e '\''s/^[ABCDGIRSTW][ABCDGIRSTW]* .* \(.*\)$/  {"lib\1", (void *) \&\1},/p'\'''
lt_cv_sys_global_symbol_to_cdecl='sed -n -e '\''s/^T .* \(.*\)$/extern int \1();/p'\'' -e '\''s/^[ABCDGIRSTW][ABCDGIRSTW]* .* \(.*\)$/extern char \1;/p'\'''
lt_cv_sys_global_symbol_to_import=
lt_cv_sys_max_cmd_len=1572864
lt_cv_to_host_file_cmd=func_convert_file_noop
lt_cv_to_tool_file_cmd=func_convert_file_noop
lt_cv_truncate_bin='/usr/bin/dd bs=4096 count=1'

## ----------------- ##
## Output variables. ##
## ----------------- ##

ACLOCAL='${SHELL} /home/windhill/Desktop/Remote_Recoder/Third_Dyn_Lib/libssh2-1.9.0/missing aclocal-1.16'
ALLOCA=''
AMDEPBACKSLASH='\'
AMDEP_FALSE='#'
AMDEP_TRUE=''
AMTAR='$${TAR-tar}'
AM_BACKSLASH='\'
AM_DEFAULT_V='$(AM_DEFAULT_VERBOSITY)'
AM_DEFAULT_VERBOSITY='0'
AM_V='$(V)'
AR='arm-linux-gnueabihf-ar'
AS='as'
AUTOCONF='${SHELL} /home/windhill/Desktop/Remote_Recoder/Third_Dyn_Lib/libssh2-1.9.0/missing autoconf'
AUTOHEADER='${SHELL} /home/windhill/Desktop/Remote_Recoder/Third_Dyn_Lib/libssh2-1.9.0/missing autoheader'
AUTOMAKE='${SHELL} /home/windhill/Desktop/Remote_Recoder/Third_Dyn_Lib/libssh2-1.9.0/missing automake-1.16'
AWK='gawk'
BUILD_EXAMPLES_FALSE='#'
BUILD_EXAMPLES_TRUE=''
CC='arm-linux-gnueabihf-8.3-gcc'
CCDEPMODE='depmode=gcc3'
CFLAGS='-g -O2'
CPP='arm-linux-gnueabihf-8.3-gcc -E'
CPPFLAGS='-I/opt/gcc-arm-8.3-2019.03-x86_64-arm-linux-gnueabihf/arm-linux-gnueabihf/libc/usr/lib/include'
CYGPATH_W='echo'
DEFS='-DHAVE_CONFIG_H'
DEPDIR='.deps'
DLLTOOL='dlltool'
DSYMUTIL=''
DUMPBIN=''
ECHO_C=''
ECHO_N='-n'
ECHO_T=''
EGREP='/usr/bin/grep -E'
EXEEXT=''
FGREP='/usr/bin/grep -F'
GREP='/usr/bin/grep'
HAVE_LIBBCRYPT=''
HAVE_LIBCRYPT32=''
HAVE_LIBGCRYPT=''
HAVE_LIBMBEDCRYPTO=''
HAVE_LIBSSL='yes'
HAVE_LIBZ='yes'
HAVE_SYS_UN_H_FALSE='#'
HAVE_SYS_UN_H_TRUE=''
INSTALL_DATA='${INSTALL} -m 644'
INSTALL_PROGRAM='${INSTALL}'
INSTALL_SCRIPT='${INSTALL}'
INSTALL_STRIP_PROGRAM='$(install_sh) -c -s'
LD='/opt/gcc-arm-8.3-2019.03-x86_64-arm-linux-gnueabihf/arm-linux-gnueabihf/bin/ld'
LDFLAGS=''
LIBBCRYPT=''
LIBBCRYPT_PREFIX=''
LIBCRYPT32=''
LIBCRYPT32_PREFIX=''
LIBGCRYPT=''
LIBGCRYPT_FALSE=''
LIBGCRYPT_PREFIX=''
LIBGCRYPT_TRUE='#'
LIBMBEDCRYPTO=''
LIBMBEDCRYPTO_PREFIX=''
LIBOBJS=''
LIBS=''
LIBSREQUIRED='libssl libcrypto zlib'
LIBSSH2VER='1.9.0'
LIBSSL='-lssl -lcrypto'
LIBSSL_PREFIX=''
LIBTOOL='$(SHELL) $(top_builddir)/libtool'
LIBZ='-lz'
LIBZ_PREFIX=''
LIPO=''
LN_S='ln -s'
LTLIBBCRYPT=''
LTLIBCRYPT32=''
LTLIBGCRYPT=''
LTLIBMBEDCRYPTO=''
LTLIBOBJS=''
LTLIBSSL='-lssl -lcrypto'
LTLIBZ='-lz'
LT_SYS_LIBRARY_PATH=''
MAINT='#'
MAINTAINER_MODE_FALSE=''
MAINTAINER_MODE_TRUE='#'
MAKEINFO='${SHELL} /home/windhill/Desktop/Remote_Recoder/Third_Dyn_Lib/libssh2-1.9.0/missing makeinfo'
MANIFEST_TOOL=':'
MBEDTLS_FALSE=''
MBEDTLS_TRUE='#'
MKDIR_P='/usr/bin/mkdir -p'
NM='/opt/gcc-linaro-5.3-2016.02-x86_64_arm-linux-gnueabihf/bin/arm-linux-gnueabihf-nm -B'
NMEDIT=''
OBJDUMP='objdump'
OBJEXT='o'
OPENSSL_FALSE='#'
OPENSSL_TRUE=''
OTOOL64=''
OTOOL=''
PACKAGE='libssh2'
PACKAGE_BUGREPORT='libssh2-devel@cool.haxx.se'
PACKAGE_NAME='libssh2'
PACKAGE_STRING='libssh2 -'
PACKAGE_TARNAME='libssh2'
PACKAGE_URL=''
PACKAGE_VERSION='-'
PATH_SEPARATOR=':'
RANLIB='arm-linux-gnueabihf-ranlib'
SED='/usr/bin/sed'
SET_MAKE=''
SHELL='/bin/bash'
SSHD='/usr/sbin/sshd'
SSHD_FALSE='#'
SSHD_TRUE=''
STRIP='arm-linux-gnueabihf-strip'
VERSION='-'
WINCNG_FALSE=''
WINCNG_TRUE='#'
ac_ct_AR=''
ac_ct_CC=''
ac_ct_DUMPBIN=''
am__EXEEXT_FALSE=''
am__EXEEXT_TRUE='#'
am__fastdepCC_FALSE='#'
am__fastdepCC_TRUE=''
am__include='include'
am__isrc=''
am__leading_dot='.'
am__nodep='_no'
am__quote=''
am__tar='$${TAR-tar} chof - "$$tardir"'
am__untar='$${TAR-tar} xf -'
bindir='${exec_prefix}/bin'
build='x86_64-pc-linux-gnu'
build_alias=''
build_cpu='x86_64'
build_os='linux-gnu'
build_vendor='pc'
datadir='${datarootdir}'
datarootdir='${prefix}/share'
docdir='${datarootdir}/doc/${PACKAGE_TARNAME}'
dvidir='${docdir}'
exec_prefix='${prefix}'
host='arm-unknown-linux-gnueabihf'
host_alias='arm-linux-gnueabihf'
host_cpu='arm'
host_os='linux-gnueabihf'
host_vendor='unknown'
htmldir='${docdir}'
includedir='${prefix}/include'
infodir='${datarootdir}/info'
install_sh='${SHELL} /home/windhill/Desktop/Remote_Recoder/Third_Dyn_Lib/libssh2-1.9.0/install-sh'
libdir='${exec_prefix}/lib'
libexecdir='${exec_prefix}/libexec'
localedir='${datarootdir}/locale'
localstatedir='${prefix}/var'
mandir='${datarootdir}/man'
mkdir_p='$(MKDIR_P)'
oldincludedir='/usr/include'
pdfdir='${docdir}'
prefix='/home/windhill/Desktop/Remote_Recoder/Third_Dyn_Lib/libssh2-1.9.0/arm_gcc83_build'
program_transform_name='s,x,x,'
psdir='${docdir}'
runstatedir='${localstatedir}/run'
sbindir='${exec_prefix}/sbin'
sharedstatedir='${prefix}/com'
sysconfdir='${prefix}/etc'
target_alias=''

## ----------- ##
## confdefs.h. ##
## ----------- ##

/* confdefs.h */
#define PACKAGE_NAME "libssh2"
#define PACKAGE_TARNAME "libssh2"
#define PACKAGE_VERSION "-"
#define PACKAGE_STRING "libssh2 -"
#define PACKAGE_BUGREPORT "libssh2-devel@cool.haxx.se"
#define PACKAGE_URL ""
#define PACKAGE "libssh2"
#define VERSION "-"
#define STDC_HEADERS 1
#define HAVE_SYS_TYPES_H 1
#define HAVE_SYS_STAT_H 1
#define HAVE_STDLIB_H 1
#define HAVE_STRING_H 1
#define HAVE_MEMORY_H 1
#define HAVE_STRINGS_H 1
#define HAVE_INTTYPES_H 1
#define HAVE_STDINT_H 1
#define HAVE_UNISTD_H 1
#define HAVE_LONGLONG 1
#define HAVE_DLFCN_H 1
#define LT_OBJDIR ".libs/"
#define _FILE_OFFSET_BITS 64
#define HAVE_LIBSSL 1
#define LIBSSH2_OPENSSL 1
#define HAVE_EVP_AES_128_CTR 1
#define HAVE_LIBZ 1
#define LIBSSH2_HAVE_ZLIB 1
#define LIBSSH2_DH_GEX_NEW 1
#define HAVE_ERRNO_H 1
#define HAVE_FCNTL_H 1
#define HAVE_STDIO_H 1
#define HAVE_STDLIB_H 1
#define HAVE_UNISTD_H 1
#define HAVE_SYS_UIO_H 1
#define HAVE_SYS_SELECT_H 1
#define HAVE_SYS_SOCKET_H 1
#define HAVE_SYS_IOCTL_H 1
#define HAVE_SYS_TIME_H 1
#define HAVE_ARPA_INET_H 1
#define HAVE_NETINET_IN_H 1
#define HAVE_SYS_UN_H 1
#define HAVE_POLL 1
#define HAVE_GETTIMEOFDAY 1
#define HAVE_SELECT 1
#define HAVE_STRTOLL 1
#define HAVE_ALLOCA_H 1
#define HAVE_ALLOCA 1
#define HAVE_O_NONBLOCK 1

configure: exit 0
